[unicktheme.com/fobex-html/index.html]
[backblue.gif]
[fade.gif]
[index.html]
[unicktheme.com/fobex-html/assets/images/favicons/apple-touch-icon.png]
[unicktheme.com/fobex-html/assets/images/favicons/favicon-32x32.png]
[unicktheme.com/fobex-html/assets/images/favicons/favicon-16x16.png]
[unicktheme.com/fobex-html/assets/images/favicons/site.webmanifest]
[unicktheme.com/fobex-html/assets/vendors/bootstrap/css/bootstrap.min.css]
[unicktheme.com/fobex-html/assets/vendors/animate/animate.min.css]
[unicktheme.com/fobex-html/assets/vendors/animate/custom-animate.css]
[unicktheme.com/fobex-html/assets/vendors/fontawesome/css/all.min.css]
[unicktheme.com/fobex-html/assets/vendors/jarallax/jarallax.css]
[unicktheme.com/fobex-html/assets/vendors/jquery-magnific-popup/jquery.magnific-popup.css]
[unicktheme.com/fobex-html/assets/vendors/odometer/odometer.min.css]
[unicktheme.com/fobex-html/assets/vendors/swiper/swiper.min.css]
[unicktheme.com/fobex-html/assets/vendors/fobex-icons/style.css]
[unicktheme.com/fobex-html/assets/vendors/owl-carousel/owl.carousel.min.css]
[unicktheme.com/fobex-html/assets/vendors/owl-carousel/owl.theme.default.min.css]
[unicktheme.com/fobex-html/assets/vendors/bootstrap-select/css/bootstrap-select.min.css]
[unicktheme.com/fobex-html/assets/vendors/jquery-ui/jquery-ui.css]
[unicktheme.com/fobex-html/assets/css/fobex.css]
[unicktheme.com/fobex-html/assets/css/fobex-responsive.css]
[unicktheme.com/fobex-html/index-2.html]
[unicktheme.com/fobex-html/assets/images/resources/logo-1.png]
[unicktheme.com/fobex-html/index2.html]
[unicktheme.com/fobex-html/index-dark.html]
[unicktheme.com/fobex-html/index-one-page.html]
[unicktheme.com/fobex-html/index2-one-page.html]
[unicktheme.com/fobex-html/about.html]
[unicktheme.com/fobex-html/team.html]
[unicktheme.com/fobex-html/team-carousel.html]
[unicktheme.com/fobex-html/team-details.html]
[unicktheme.com/fobex-html/projects.html]
[unicktheme.com/fobex-html/projects-carousel.html]
[unicktheme.com/fobex-html/testimonials.html]
[unicktheme.com/fobex-html/project-details.html]
[unicktheme.com/fobex-html/testimonials-carousel.html]
[unicktheme.com/fobex-html/pricing.html]
[unicktheme.com/fobex-html/pricing-carousel.html]
[unicktheme.com/fobex-html/gallery.html]
[unicktheme.com/fobex-html/faq.html]
[unicktheme.com/fobex-html/404.html]
[unicktheme.com/fobex-html/services.html]
[unicktheme.com/fobex-html/services-details.html]
[unicktheme.com/fobex-html/news.html]
[unicktheme.com/fobex-html/news-carousel.html]
[unicktheme.com/fobex-html/news-details.html]
[unicktheme.com/fobex-html/contact.html]
[unicktheme.com/fobex-html/assets/images/backgrounds/slider-1-1.jpg]
[unicktheme.com/fobex-html/assets/images/backgrounds/slider-1-2.jpg]
[unicktheme.com/fobex-html/assets/images/backgrounds/slider-1-3.jpg]
[unicktheme.com/fobex-html/assets/images/resources/feature-1-1.jpg]
[unicktheme.com/fobex-html/assets/images/resources/feature-1-2.jpg]
[unicktheme.com/fobex-html/assets/images/resources/feature-1-3.jpg]
[unicktheme.com/fobex-html/assets/images/resources/about-one-img-1.jpg]
[unicktheme.com/fobex-html/assets/images/backgrounds/progress-one-bg.jpg]
[unicktheme.com/fobex-html/assets/images/shapes/services-one-bg.jpg]
[unicktheme.com/fobex-html/assets/images/shapes/appointment-one-shape-1.png]
[unicktheme.com/fobex-html/assets/images/shapes/appointment-one-shape-2.png]
[unicktheme.com/fobex-html/assets/images/resources/appointment-one-img.jpg]
[unicktheme.com/fobex-html/assets/images/project/project-1-1.jpg]
[unicktheme.com/fobex-html/assets/images/project/project-1-2.jpg]
[unicktheme.com/fobex-html/assets/images/project/project-1-3.jpg]
[unicktheme.com/fobex-html/assets/images/project/project-1-4.jpg]
[unicktheme.com/fobex-html/assets/images/backgrounds/testimonial-one-bg.jpg]
[unicktheme.com/fobex-html/assets/images/shapes/testimonial-one-shape-1.png]
[unicktheme.com/fobex-html/assets/images/testimonial/testimonial-1-1.jpg]
[unicktheme.com/fobex-html/assets/images/news/news-1-1.jpg]
[unicktheme.com/fobex-html/assets/images/news/news-one-author-img-1.jpg]
[unicktheme.com/fobex-html/assets/images/news/news-1-2.jpg]
[unicktheme.com/fobex-html/assets/images/news/news-one-author-img-2.jpg]
[unicktheme.com/fobex-html/assets/images/brand/brand-1-1.png]
[unicktheme.com/fobex-html/assets/images/brand/brand-1-2.png]
[unicktheme.com/fobex-html/assets/images/brand/brand-1-3.png]
[unicktheme.com/fobex-html/assets/images/brand/brand-1-4.png]
[unicktheme.com/fobex-html/assets/images/brand/brand-1-5.png]
[unicktheme.com/fobex-html/assets/images/brand/brand-1-6.png]
[unicktheme.com/fobex-html/assets/images/resources/footer-logo-1.png]
[unicktheme.com/fobex-html/assets/vendors/jquery/jquery-3.6.0.min.js]
[unicktheme.com/fobex-html/assets/vendors/bootstrap/js/bootstrap.bundle.min.js]
[unicktheme.com/fobex-html/assets/vendors/jarallax/jarallax.min.js]
[unicktheme.com/fobex-html/assets/vendors/jquery-ajaxchimp/jquery.ajaxchimp.min.js]
[unicktheme.com/fobex-html/assets/vendors/jquery-appear/jquery.appear.min.js]
[unicktheme.com/fobex-html/assets/vendors/jquery-circle-progress/jquery.circle-progress.min.js]
[unicktheme.com/fobex-html/assets/vendors/jquery-magnific-popup/jquery.magnific-popup.min.js]
[unicktheme.com/fobex-html/assets/vendors/jquery-validate/jquery.validate.min.js]
[unicktheme.com/fobex-html/assets/vendors/odometer/odometer.min.js]
[unicktheme.com/fobex-html/assets/vendors/swiper/swiper.min.js]
[unicktheme.com/fobex-html/assets/vendors/wnumb/wNumb.min.js]
[unicktheme.com/fobex-html/assets/vendors/wow/wow.js]
[unicktheme.com/fobex-html/assets/vendors/isotope/isotope.js]
[unicktheme.com/fobex-html/assets/vendors/owl-carousel/owl.carousel.min.js]
[unicktheme.com/fobex-html/assets/vendors/bootstrap-select/js/bootstrap-select.min.js]
[unicktheme.com/fobex-html/assets/vendors/jquery-ui/jquery-ui.js]
[unicktheme.com/fobex-html/assets/vendors/jquery.circle-type/jquery.circleType.js]
[unicktheme.com/fobex-html/assets/vendors/jquery.circle-type/jquery.lettering.min.js]
[unicktheme.com/fobex-html/index.html]
[unicktheme.com/fobex-html/assets/js/fobex.js]
[unicktheme.com/fobex-html/assets/vendors/bootstrap/css/bootstrap.min.css]
[unicktheme.com/fobex-html/assets/vendors/animate/animate.min.css]
[unicktheme.com/fobex-html/assets/vendors/animate/custom-animate.css]
[unicktheme.com/fobex-html/assets/vendors/fontawesome/webfonts/fa-brands-400.eot]
[unicktheme.com/fobex-html/assets/vendors/fontawesome/webfonts/fa-brands-400d41d.eot]
[unicktheme.com/fobex-html/assets/vendors/fontawesome/webfonts/fa-brands-400.woff2]
[unicktheme.com/fobex-html/assets/vendors/fontawesome/webfonts/fa-brands-400.woff]
[unicktheme.com/fobex-html/assets/vendors/fontawesome/webfonts/fa-brands-400.ttf]
[unicktheme.com/fobex-html/assets/vendors/fontawesome/webfonts/fa-regular-400.eot]
[unicktheme.com/fobex-html/assets/vendors/fontawesome/webfonts/fa-regular-400d41d.eot]
[unicktheme.com/fobex-html/assets/vendors/fontawesome/webfonts/fa-brands-400.svg]
[unicktheme.com/fobex-html/assets/vendors/fontawesome/webfonts/fa-regular-400.woff2]
[unicktheme.com/fobex-html/assets/vendors/fontawesome/webfonts/fa-regular-400.woff]
[unicktheme.com/fobex-html/assets/vendors/fontawesome/webfonts/fa-regular-400.ttf]
[unicktheme.com/fobex-html/assets/vendors/fontawesome/webfonts/fa-regular-400.svg]
[unicktheme.com/fobex-html/assets/vendors/fontawesome/webfonts/fa-solid-900.eot]
[unicktheme.com/fobex-html/assets/vendors/fontawesome/webfonts/fa-solid-900d41d.eot]
[unicktheme.com/fobex-html/assets/vendors/fontawesome/webfonts/fa-solid-900.woff2]
[unicktheme.com/fobex-html/assets/vendors/fontawesome/webfonts/fa-solid-900.woff]
[unicktheme.com/fobex-html/assets/vendors/fontawesome/css/all.min.css]
[unicktheme.com/fobex-html/assets/vendors/jarallax/jarallax.css]
[unicktheme.com/fobex-html/assets/vendors/jquery-magnific-popup/jquery.magnific-popup.css]
[unicktheme.com/fobex-html/assets/vendors/odometer/odometer.min.css]
[unicktheme.com/fobex-html/assets/vendors/swiper/swiper.min.css]
[unicktheme.com/fobex-html/assets/vendors/fontawesome/webfonts/fa-solid-900.ttf]
[unicktheme.com/fobex-html/assets/vendors/fobex-icons/fonts/icomoon78ed.eot]
[unicktheme.com/fobex-html/assets/vendors/fontawesome/webfonts/fa-solid-900.svg]
[unicktheme.com/fobex-html/assets/vendors/fobex-icons/fonts/icomoon78ed.ttf]
[unicktheme.com/fobex-html/assets/vendors/fobex-icons/fonts/icomoon78ed.woff]
[unicktheme.com/fobex-html/assets/vendors/fobex-icons/style.css]
[unicktheme.com/fobex-html/assets/vendors/fobex-icons/fonts/icomoon78ed.svg]
[unicktheme.com/fobex-html/assets/vendors/owl-carousel/owl.carousel.min.css]
[unicktheme.com/fobex-html/assets/vendors/owl-carousel/owl.theme.default.min.css]
[unicktheme.com/fobex-html/assets/vendors/bootstrap-select/css/bootstrap-select.min.css]
[unicktheme.com/fobex-html/assets/vendors/jquery-ui/images/ui-bg_highlight-soft_75_cccccc_1x100.png]
[unicktheme.com/fobex-html/assets/vendors/jquery-ui/images/ui-bg_glass_75_e6e6e6_1x400.png]
[unicktheme.com/fobex-html/assets/vendors/jquery-ui/images/ui-bg_glass_75_dadada_1x400.png]
[unicktheme.com/fobex-html/assets/vendors/jquery-ui/images/ui-bg_glass_65_ffffff_1x400.png]
[unicktheme.com/fobex-html/assets/vendors/jquery-ui/images/ui-bg_glass_55_fbf9ee_1x400.png]
[unicktheme.com/fobex-html/assets/vendors/jquery-ui/images/ui-bg_glass_95_fef1ec_1x400.png]
[unicktheme.com/fobex-html/assets/vendors/jquery-ui/images/ui-icons_222222_256x240.png]
[unicktheme.com/fobex-html/assets/vendors/jquery-ui/images/ui-icons_888888_256x240.png]
[unicktheme.com/fobex-html/assets/vendors/jquery-ui/images/ui-icons_454545_256x240.png]
[unicktheme.com/fobex-html/assets/vendors/jquery-ui/images/ui-icons_2e83ff_256x240.png]
[unicktheme.com/fobex-html/assets/vendors/jquery-ui/images/ui-icons_cd0a0a_256x240.png]
[unicktheme.com/fobex-html/assets/vendors/jquery-ui/jquery-ui.css]
[unicktheme.com/fobex-html/assets/images/loader.png]
[unicktheme.com/fobex-html/assets/css/fobex.css]
[unicktheme.com/fobex-html/assets/css/fobex-responsive.css]
[unicktheme.com/fobex-html/index-2.html]
[unicktheme.com/fobex-html/assets/images/resources/logo-2.png]
[unicktheme.com/fobex-html/assets/images/backgrounds/slider-2-1.jpg]
[unicktheme.com/fobex-html/assets/images/backgrounds/slider-2-2.jpg]
[unicktheme.com/fobex-html/assets/images/backgrounds/slider-2-3.jpg]
[unicktheme.com/fobex-html/assets/images/shapes/about-two-shape-1.png]
[unicktheme.com/fobex-html/assets/images/resources/about-two-img-1.jpg]
[unicktheme.com/fobex-html/assets/images/resources/about-two-img-2.jpg]
[unicktheme.com/fobex-html/assets/images/shapes/services-two-bg-shape.png]
[unicktheme.com/fobex-html/assets/images/icon/section-title-icon.png]
[unicktheme.com/fobex-html/assets/images/services/services-2-1.jpg]
[unicktheme.com/fobex-html/assets/images/services/services-2-2.jpg]
[unicktheme.com/fobex-html/assets/images/shapes/faq-one-bg-shape.jpg]
[unicktheme.com/fobex-html/assets/images/resources/faq-one-img-1.jpg]
[unicktheme.com/fobex-html/assets/images/team/team-1-1.jpg]
[unicktheme.com/fobex-html/assets/images/team/team-1-2.jpg]
[unicktheme.com/fobex-html/assets/images/team/team-1-3.jpg]
[unicktheme.com/fobex-html/assets/images/project/project-2-1.jpg]
[unicktheme.com/fobex-html/assets/images/project/project-2-2.jpg]
[unicktheme.com/fobex-html/assets/images/news/news-2-1.jpg]
[unicktheme.com/fobex-html/assets/images/news/news-2-2.jpg]
[unicktheme.com/fobex-html/assets/images/news/news-2-3.jpg]
[unicktheme.com/fobex-html/assets/images/shapes/testimonial-two-bg-shape.jpg]
[unicktheme.com/fobex-html/assets/images/shapes/testimonial-two-shape-1.png]
[unicktheme.com/fobex-html/assets/images/testimonial/testimonial-two-client-img-1.jpg]
[unicktheme.com/fobex-html/assets/images/testimonial/testimonial-two-client-img-2.jpg]
[unicktheme.com/fobex-html/assets/images/testimonial/testimonial-two-img-1.jpg]
[unicktheme.com/fobex-html/assets/images/shapes/site-footer-two-bg-shape.png]
[unicktheme.com/fobex-html/assets/images/resources/footer-logo-2.png]
[unicktheme.com/fobex-html/index2.html]
[unicktheme.com/fobex-html/assets/css/fobex-dark.css]
[unicktheme.com/fobex-html/index-dark.html]
[unicktheme.com/fobex-html/index-one-page.html]
[unicktheme.com/fobex-html/index2-one-page.html]
[unicktheme.com/fobex-html/assets/images/backgrounds/page-header-bg.jpg]
[unicktheme.com/fobex-html/assets/images/resources/about-three-img-1.jpg]
[unicktheme.com/fobex-html/assets/images/shapes/services-three-bg-shape.png]
[unicktheme.com/fobex-html/assets/images/team/team-1-4.jpg]
[unicktheme.com/fobex-html/assets/images/team/team-1-5.jpg]
[unicktheme.com/fobex-html/assets/images/team/team-1-6.jpg]
[unicktheme.com/fobex-html/assets/images/resources/progress-two-img-1.jpg]
[unicktheme.com/fobex-html/about.html]
[unicktheme.com/fobex-html/assets/images/resources/great-platform-img.jpg]
[unicktheme.com/fobex-html/assets/images/backgrounds/video-one-bg.jpg]
[unicktheme.com/fobex-html/assets/images/resources/get-estimate-img-1.jpg]
[unicktheme.com/fobex-html/team.html]
[unicktheme.com/fobex-html/team-carousel.html]
[unicktheme.com/fobex-html/assets/images/team/team-details-img1.jpg]
[unicktheme.com/fobex-html/assets/images/team/team-details__certificate-img1.jpg]
[unicktheme.com/fobex-html/assets/images/team/team-details__certificate-img2.jpg]
[unicktheme.com/fobex-html/assets/images/team/team-details__certificate-img3.jpg]
[unicktheme.com/fobex-html/assets/images/team/team-details__certificate-img4.jpg]
[unicktheme.com/fobex-html/team-details.html]
[unicktheme.com/fobex-html/assets/images/project/project-page-1-1.jpg]
[unicktheme.com/fobex-html/assets/images/project/project-page-1-2.jpg]
[unicktheme.com/fobex-html/assets/images/project/project-page-1-3.jpg]
[unicktheme.com/fobex-html/assets/images/project/project-page-1-4.jpg]
[unicktheme.com/fobex-html/assets/images/project/project-page-1-5.jpg]
[unicktheme.com/fobex-html/assets/images/project/project-page-1-6.jpg]
[unicktheme.com/fobex-html/assets/images/backgrounds/cta-one-bg.jpg]
[unicktheme.com/fobex-html/assets/images/shapes/cta-one-bg-shape.png]
[unicktheme.com/fobex-html/projects.html]
[unicktheme.com/fobex-html/projects-carousel.html]
[unicktheme.com/fobex-html/assets/images/project/project-details-img-box-img-1.jpg]
[unicktheme.com/fobex-html/assets/images/project/project-details-img-box-img-2.jpg]
[unicktheme.com/fobex-html/assets/images/project/project-details-process-img-1.jpg]
[unicktheme.com/fobex-html/assets/images/project/project-details-process-img-2.jpg]
[unicktheme.com/fobex-html/assets/images/project/project-details-process-img-3.jpg]
[unicktheme.com/fobex-html/project-details.html]
[unicktheme.com/fobex-html/assets/images/project/project-details-process-img-4.jpg]
[unicktheme.com/fobex-html/assets/images/testimonial/testimonial-two-client-img-3.jpg]
[unicktheme.com/fobex-html/assets/images/testimonial/testimonial-two-client-img-4.jpg]
[unicktheme.com/fobex-html/assets/images/testimonial/testimonial-two-client-img-5.jpg]
[unicktheme.com/fobex-html/assets/images/testimonial/testimonial-two-client-img-6.jpg]
[unicktheme.com/fobex-html/testimonials.html]
[unicktheme.com/fobex-html/testimonials-carousel.html]
[unicktheme.com/fobex-html/assets/images/shapes/services-six-bg-shape.png]
[unicktheme.com/fobex-html/assets/images/services/services-6-1.jpg]
[unicktheme.com/fobex-html/assets/images/services/services-6-2.jpg]
[unicktheme.com/fobex-html/pricing.html]
[unicktheme.com/fobex-html/pricing-carousel.html]
[unicktheme.com/fobex-html/assets/images/gallery/gallery-page-1-1.jpg]
[unicktheme.com/fobex-html/assets/images/gallery/gallery-page-1-2.jpg]
[unicktheme.com/fobex-html/assets/images/gallery/gallery-page-1-3.jpg]
[unicktheme.com/fobex-html/assets/images/gallery/gallery-page-1-4.jpg]
[unicktheme.com/fobex-html/assets/images/gallery/gallery-page-1-5.jpg]
[unicktheme.com/fobex-html/assets/images/gallery/gallery-page-1-6.jpg]
[unicktheme.com/fobex-html/assets/images/gallery/gallery-page-1-7.jpg]
[unicktheme.com/fobex-html/assets/images/gallery/gallery-page-1-8.jpg]
[unicktheme.com/fobex-html/assets/images/gallery/gallery-page-1-9.jpg]
[unicktheme.com/fobex-html/gallery.html]
[unicktheme.com/fobex-html/assets/images/resources/search-field-img.jpg]
[unicktheme.com/fobex-html/faq.html]
[unicktheme.com/fobex-html/404.html]
[unicktheme.com/fobex-html/assets/images/shapes/services-four-bg.jpg]
[unicktheme.com/fobex-html/assets/images/backgrounds/faq-two-bg.jpg]
[unicktheme.com/fobex-html/services.html]
[unicktheme.com/fobex-html/assets/images/backgrounds/personal-expertise-bg.jpg]
[unicktheme.com/fobex-html/assets/images/resources/progress-three-img-1.jpg]
[unicktheme.com/fobex-html/assets/images/resources/appointment-three-img-1.jpg]
[unicktheme.com/fobex-html/services-details.html]
[unicktheme.com/fobex-html/assets/images/news/news-page-img-1.jpg]
[unicktheme.com/fobex-html/assets/images/news/news-page-img-2.jpg]
[unicktheme.com/fobex-html/assets/images/news/news-page-img-3.jpg]
[unicktheme.com/fobex-html/assets/images/news/news-page-img-4.jpg]
[unicktheme.com/fobex-html/assets/images/news/news-page-img-5.jpg]
[unicktheme.com/fobex-html/assets/images/news/lp-1-1.jpg]
[unicktheme.com/fobex-html/assets/images/news/lp-1-2.jpg]
[unicktheme.com/fobex-html/assets/images/news/lp-1-3.jpg]
[unicktheme.com/fobex-html/assets/images/backgrounds/have-any-project-bg.jpg]
[unicktheme.com/fobex-html/news.html]
[unicktheme.com/fobex-html/news-carousel.html]
[unicktheme.com/fobex-html/assets/images/news/news-details-img-1.jpg]
[unicktheme.com/fobex-html/assets/images/news/news-details-content-img.jpg]
[unicktheme.com/fobex-html/assets/images/news/news-details-bottom-img.jpg]
[unicktheme.com/fobex-html/assets/images/news/news-details-author-img.jpg]
[unicktheme.com/fobex-html/assets/images/news/news-details-pagenation-img-1.jpg]
[unicktheme.com/fobex-html/assets/images/news/news-details-pagenation-img-2.jpg]
[unicktheme.com/fobex-html/assets/images/news/comment-1-1.jpg]
[unicktheme.com/fobex-html/assets/images/news/comment-1-2.jpg]
[unicktheme.com/fobex-html/news-details.html]
[unicktheme.com/fobex-html/assets/images/resources/contact-two-img-1.jpg]
[unicktheme.com/fobex-html/contact.html]
[unicktheme.com/fobex-html/assets/vendors/fontawesome/webfonts/fa-brands-400.svg]
[unicktheme.com/fobex-html/assets/vendors/fontawesome/webfonts/fa-regular-400.svg]
[unicktheme.com/fobex-html/assets/vendors/fontawesome/webfonts/fa-solid-900.svg]
[unicktheme.com/fobex-html/assets/vendors/fobex-icons/fonts/icomoon78ed.svg]
[unicktheme.com/fobex-html/assets/css/fobex-dark.css]
[unicktheme.com/fobex-html/assets/vendors/owl-carousel/owl.video.play.html]
